2020-11-08 00:42:35.000  WARN 30468 --- [http-nio-8081-exec-5] .m.m.a.ExceptionHandlerExceptionResolver : Resolved [com.qyl.shop.error.BusinessException]
2020-11-08 00:42:50.334  INFO 15568 --- [restartedMain] com.qyl.shop.ShopApplication             : Starting ShopApplication on LAPTOP-FK5UTLDU with PID 15568 (D:\java\MyProject\shopProject\target\classes started by 四十五邱星星呐 in D:\java\MyProject\shopProject)
2020-11-08 00:42:50.336  INFO 15568 --- [restartedMain] com.qyl.shop.ShopApplication             : No active profile set, falling back to default profiles: default
2020-11-08 00:42:50.392  INFO 15568 --- [restartedMain] .e.DevToolsPropertyDefaultsPostProcessor : Devtools property defaults active! Set 'spring.devtools.add-properties' to 'false' to disable
2020-11-08 00:42:50.393  INFO 15568 --- [restartedMain] .e.DevToolsPropertyDefaultsPostProcessor : For additional web related logging consider setting the 'logging.level.web' property to 'DEBUG'
2020-11-08 00:42:51.020  INFO 15568 --- [restartedMain] .s.d.r.c.RepositoryConfigurationDelegate : Multiple Spring Data modules found, entering strict repository configuration mode!
2020-11-08 00:42:51.022  INFO 15568 --- [restartedMain] .s.d.r.c.RepositoryConfigurationDelegate : Bootstrapping Spring Data Redis repositories in DEFAULT mode.
2020-11-08 00:42:51.046  INFO 15568 --- [restartedMain] .s.d.r.c.RepositoryConfigurationDelegate : Finished Spring Data repository scanning in 11ms. Found 0 Redis repository interfaces.
2020-11-08 00:42:51.504  INFO 15568 --- [restartedMain] o.s.b.w.embedded.tomcat.TomcatWebServer  : Tomcat initialized with port(s): 8081 (http)
2020-11-08 00:42:51.511  INFO 15568 --- [restartedMain] o.apache.catalina.core.StandardService   : Starting service [Tomcat]
2020-11-08 00:42:51.511  INFO 15568 --- [restartedMain] org.apache.catalina.core.StandardEngine  : Starting Servlet engine: [Apache Tomcat/9.0.38]
2020-11-08 00:42:51.582  INFO 15568 --- [restartedMain] o.a.c.c.C.[Tomcat].[localhost].[/]       : Initializing Spring embedded WebApplicationContext
2020-11-08 00:42:51.583  INFO 15568 --- [restartedMain] w.s.c.ServletWebServerApplicationContext : Root WebApplicationContext: initialization completed in 1190 ms
2020-11-08 00:42:52.111  INFO 15568 --- [restartedMain] o.s.s.concurrent.ThreadPoolTaskExecutor  : Initializing ExecutorService 'applicationTaskExecutor'
2020-11-08 00:42:52.475  INFO 15568 --- [restartedMain] o.s.b.d.a.OptionalLiveReloadServer       : LiveReload server is running on port 35729
2020-11-08 00:42:52.507  INFO 15568 --- [restartedMain] o.s.b.w.embedded.tomcat.TomcatWebServer  : Tomcat started on port(s): 8081 (http) with context path ''
2020-11-08 00:42:52.517  INFO 15568 --- [restartedMain] com.qyl.shop.ShopApplication             : Started ShopApplication in 2.589 seconds (JVM running for 3.665)
2020-11-08 00:42:59.480  INFO 15568 --- [http-nio-8081-exec-1] o.a.c.c.C.[Tomcat].[localhost].[/]       : Initializing Spring DispatcherServlet 'dispatcherServlet'
2020-11-08 00:42:59.481  INFO 15568 --- [http-nio-8081-exec-1] o.s.web.servlet.DispatcherServlet        : Initializing Servlet 'dispatcherServlet'
2020-11-08 00:42:59.489  INFO 15568 --- [http-nio-8081-exec-1] o.s.web.servlet.DispatcherServlet        : Completed initialization in 7 ms
2020-11-08 00:42:59.516  INFO 15568 --- [http-nio-8081-exec-1] com.zaxxer.hikari.HikariDataSource       : HikariPool-1 - Starting...
2020-11-08 00:43:00.098  INFO 15568 --- [http-nio-8081-exec-1] com.zaxxer.hikari.HikariDataSource       : HikariPool-1 - Start completed.
2020-11-08 00:47:17.357  INFO 27172 --- [restartedMain] com.qyl.shop.ShopApplication             : Starting ShopApplication on LAPTOP-FK5UTLDU with PID 27172 (D:\java\MyProject\shopProject\target\classes started by 四十五邱星星呐 in D:\java\MyProject\shopProject)
2020-11-08 00:47:17.361  INFO 27172 --- [restartedMain] com.qyl.shop.ShopApplication             : No active profile set, falling back to default profiles: default
2020-11-08 00:47:17.411  INFO 27172 --- [restartedMain] .e.DevToolsPropertyDefaultsPostProcessor : Devtools property defaults active! Set 'spring.devtools.add-properties' to 'false' to disable
2020-11-08 00:47:17.411  INFO 27172 --- [restartedMain] .e.DevToolsPropertyDefaultsPostProcessor : For additional web related logging consider setting the 'logging.level.web' property to 'DEBUG'
2020-11-08 00:47:17.947  INFO 27172 --- [restartedMain] .s.d.r.c.RepositoryConfigurationDelegate : Multiple Spring Data modules found, entering strict repository configuration mode!
2020-11-08 00:47:17.948  INFO 27172 --- [restartedMain] .s.d.r.c.RepositoryConfigurationDelegate : Bootstrapping Spring Data Redis repositories in DEFAULT mode.
2020-11-08 00:47:17.969  INFO 27172 --- [restartedMain] .s.d.r.c.RepositoryConfigurationDelegate : Finished Spring Data repository scanning in 11ms. Found 0 Redis repository interfaces.
2020-11-08 00:47:18.467  INFO 27172 --- [restartedMain] o.s.b.w.embedded.tomcat.TomcatWebServer  : Tomcat initialized with port(s): 8081 (http)
2020-11-08 00:47:18.475  INFO 27172 --- [restartedMain] o.apache.catalina.core.StandardService   : Starting service [Tomcat]
2020-11-08 00:47:18.476  INFO 27172 --- [restartedMain] org.apache.catalina.core.StandardEngine  : Starting Servlet engine: [Apache Tomcat/9.0.38]
2020-11-08 00:47:18.544  INFO 27172 --- [restartedMain] o.a.c.c.C.[Tomcat].[localhost].[/]       : Initializing Spring embedded WebApplicationContext
2020-11-08 00:47:18.544  INFO 27172 --- [restartedMain] w.s.c.ServletWebServerApplicationContext : Root WebApplicationContext: initialization completed in 1133 ms
2020-11-08 00:47:19.049  INFO 27172 --- [restartedMain] o.s.s.concurrent.ThreadPoolTaskExecutor  : Initializing ExecutorService 'applicationTaskExecutor'
2020-11-08 00:47:19.417  INFO 27172 --- [restartedMain] o.s.b.d.a.OptionalLiveReloadServer       : LiveReload server is running on port 35729
2020-11-08 00:47:19.449  INFO 27172 --- [restartedMain] o.s.b.w.embedded.tomcat.TomcatWebServer  : Tomcat started on port(s): 8081 (http) with context path ''
2020-11-08 00:47:19.457  INFO 27172 --- [restartedMain] com.qyl.shop.ShopApplication             : Started ShopApplication in 2.519 seconds (JVM running for 3.611)
2020-11-08 00:47:46.299  INFO 27172 --- [http-nio-8081-exec-1] o.a.c.c.C.[Tomcat].[localhost].[/]       : Initializing Spring DispatcherServlet 'dispatcherServlet'
2020-11-08 00:47:46.299  INFO 27172 --- [http-nio-8081-exec-1] o.s.web.servlet.DispatcherServlet        : Initializing Servlet 'dispatcherServlet'
2020-11-08 00:47:46.305  INFO 27172 --- [http-nio-8081-exec-1] o.s.web.servlet.DispatcherServlet        : Completed initialization in 5 ms
2020-11-08 00:47:46.337  INFO 27172 --- [http-nio-8081-exec-1] com.zaxxer.hikari.HikariDataSource       : HikariPool-1 - Starting...
2020-11-08 00:47:46.922  INFO 27172 --- [http-nio-8081-exec-1] com.zaxxer.hikari.HikariDataSource       : HikariPool-1 - Start completed.
2020-11-08 00:47:50.187  WARN 27172 --- [http-nio-8081-exec-2] .m.m.a.ExceptionHandlerExceptionResolver : Resolved [com.qyl.shop.error.BusinessException]
2020-11-08 00:48:02.274  WARN 27172 --- [http-nio-8081-exec-6] .m.m.a.ExceptionHandlerExceptionResolver : Resolved [com.qyl.shop.error.BusinessException]
2020-11-08 00:52:50.621  INFO 24816 --- [restartedMain] com.qyl.shop.ShopApplication             : Starting ShopApplication on LAPTOP-FK5UTLDU with PID 24816 (D:\java\MyProject\shopProject\target\classes started by 四十五邱星星呐 in D:\java\MyProject\shopProject)
2020-11-08 00:52:50.624  INFO 24816 --- [restartedMain] com.qyl.shop.ShopApplication             : No active profile set, falling back to default profiles: default
2020-11-08 00:52:50.678  INFO 24816 --- [restartedMain] .e.DevToolsPropertyDefaultsPostProcessor : Devtools property defaults active! Set 'spring.devtools.add-properties' to 'false' to disable
2020-11-08 00:52:50.678  INFO 24816 --- [restartedMain] .e.DevToolsPropertyDefaultsPostProcessor : For additional web related logging consider setting the 'logging.level.web' property to 'DEBUG'
2020-11-08 00:52:51.305  INFO 24816 --- [restartedMain] .s.d.r.c.RepositoryConfigurationDelegate : Multiple Spring Data modules found, entering strict repository configuration mode!
2020-11-08 00:52:51.306  INFO 24816 --- [restartedMain] .s.d.r.c.RepositoryConfigurationDelegate : Bootstrapping Spring Data Redis repositories in DEFAULT mode.
2020-11-08 00:52:51.328  INFO 24816 --- [restartedMain] .s.d.r.c.RepositoryConfigurationDelegate : Finished Spring Data repository scanning in 11ms. Found 0 Redis repository interfaces.
2020-11-08 00:52:51.837  INFO 24816 --- [restartedMain] o.s.b.w.embedded.tomcat.TomcatWebServer  : Tomcat initialized with port(s): 8081 (http)
2020-11-08 00:52:51.845  INFO 24816 --- [restartedMain] o.apache.catalina.core.StandardService   : Starting service [Tomcat]
2020-11-08 00:52:51.845  INFO 24816 --- [restartedMain] org.apache.catalina.core.StandardEngine  : Starting Servlet engine: [Apache Tomcat/9.0.38]
2020-11-08 00:52:51.922  INFO 24816 --- [restartedMain] o.a.c.c.C.[Tomcat].[localhost].[/]       : Initializing Spring embedded WebApplicationContext
2020-11-08 00:52:51.922  INFO 24816 --- [restartedMain] w.s.c.ServletWebServerApplicationContext : Root WebApplicationContext: initialization completed in 1243 ms
2020-11-08 00:52:52.402  INFO 24816 --- [restartedMain] o.s.s.concurrent.ThreadPoolTaskExecutor  : Initializing ExecutorService 'applicationTaskExecutor'
2020-11-08 00:52:52.764  INFO 24816 --- [restartedMain] o.s.b.d.a.OptionalLiveReloadServer       : LiveReload server is running on port 35729
2020-11-08 00:52:52.794  INFO 24816 --- [restartedMain] o.s.b.w.embedded.tomcat.TomcatWebServer  : Tomcat started on port(s): 8081 (http) with context path ''
2020-11-08 00:52:52.803  INFO 24816 --- [restartedMain] com.qyl.shop.ShopApplication             : Started ShopApplication in 2.578 seconds (JVM running for 3.629)
2020-11-08 00:53:00.629  INFO 24816 --- [http-nio-8081-exec-1] o.a.c.c.C.[Tomcat].[localhost].[/]       : Initializing Spring DispatcherServlet 'dispatcherServlet'
2020-11-08 00:53:00.630  INFO 24816 --- [http-nio-8081-exec-1] o.s.web.servlet.DispatcherServlet        : Initializing Servlet 'dispatcherServlet'
2020-11-08 00:53:00.638  INFO 24816 --- [http-nio-8081-exec-1] o.s.web.servlet.DispatcherServlet        : Completed initialization in 8 ms
2020-11-08 00:53:00.673  INFO 24816 --- [http-nio-8081-exec-1] com.zaxxer.hikari.HikariDataSource       : HikariPool-1 - Starting...
2020-11-08 00:53:01.273  INFO 24816 --- [http-nio-8081-exec-1] com.zaxxer.hikari.HikariDataSource       : HikariPool-1 - Start completed.
2020-11-08 00:54:48.571  INFO 9648 --- [restartedMain] com.qyl.shop.ShopApplication             : Starting ShopApplication on LAPTOP-FK5UTLDU with PID 9648 (D:\java\MyProject\shopProject\target\classes started by 四十五邱星星呐 in D:\java\MyProject\shopProject)
2020-11-08 00:54:48.574  INFO 9648 --- [restartedMain] com.qyl.shop.ShopApplication             : No active profile set, falling back to default profiles: default
2020-11-08 00:54:48.627  INFO 9648 --- [restartedMain] .e.DevToolsPropertyDefaultsPostProcessor : Devtools property defaults active! Set 'spring.devtools.add-properties' to 'false' to disable
2020-11-08 00:54:48.628  INFO 9648 --- [restartedMain] .e.DevToolsPropertyDefaultsPostProcessor : For additional web related logging consider setting the 'logging.level.web' property to 'DEBUG'
2020-11-08 00:54:49.231  INFO 9648 --- [restartedMain] .s.d.r.c.RepositoryConfigurationDelegate : Multiple Spring Data modules found, entering strict repository configuration mode!
2020-11-08 00:54:49.232  INFO 9648 --- [restartedMain] .s.d.r.c.RepositoryConfigurationDelegate : Bootstrapping Spring Data Redis repositories in DEFAULT mode.
2020-11-08 00:54:49.252  INFO 9648 --- [restartedMain] .s.d.r.c.RepositoryConfigurationDelegate : Finished Spring Data repository scanning in 10ms. Found 0 Redis repository interfaces.
2020-11-08 00:54:49.692  INFO 9648 --- [restartedMain] o.s.b.w.embedded.tomcat.TomcatWebServer  : Tomcat initialized with port(s): 8081 (http)
2020-11-08 00:54:49.700  INFO 9648 --- [restartedMain] o.apache.catalina.core.StandardService   : Starting service [Tomcat]
2020-11-08 00:54:49.700  INFO 9648 --- [restartedMain] org.apache.catalina.core.StandardEngine  : Starting Servlet engine: [Apache Tomcat/9.0.38]
2020-11-08 00:54:49.782  INFO 9648 --- [restartedMain] o.a.c.c.C.[Tomcat].[localhost].[/]       : Initializing Spring embedded WebApplicationContext
2020-11-08 00:54:49.782  INFO 9648 --- [restartedMain] w.s.c.ServletWebServerApplicationContext : Root WebApplicationContext: initialization completed in 1154 ms
2020-11-08 00:54:50.301  INFO 9648 --- [restartedMain] o.s.s.concurrent.ThreadPoolTaskExecutor  : Initializing ExecutorService 'applicationTaskExecutor'
2020-11-08 00:54:50.661  INFO 9648 --- [restartedMain] o.s.b.d.a.OptionalLiveReloadServer       : LiveReload server is running on port 35729
2020-11-08 00:54:50.692  INFO 9648 --- [restartedMain] o.s.b.w.embedded.tomcat.TomcatWebServer  : Tomcat started on port(s): 8081 (http) with context path ''
2020-11-08 00:54:50.701  INFO 9648 --- [restartedMain] com.qyl.shop.ShopApplication             : Started ShopApplication in 2.527 seconds (JVM running for 3.584)
2020-11-08 00:54:56.236  INFO 9648 --- [http-nio-8081-exec-1] o.a.c.c.C.[Tomcat].[localhost].[/]       : Initializing Spring DispatcherServlet 'dispatcherServlet'
2020-11-08 00:54:56.236  INFO 9648 --- [http-nio-8081-exec-1] o.s.web.servlet.DispatcherServlet        : Initializing Servlet 'dispatcherServlet'
2020-11-08 00:54:56.243  INFO 9648 --- [http-nio-8081-exec-1] o.s.web.servlet.DispatcherServlet        : Completed initialization in 6 ms
2020-11-08 00:54:56.278  INFO 9648 --- [http-nio-8081-exec-1] com.zaxxer.hikari.HikariDataSource       : HikariPool-1 - Starting...
2020-11-08 00:54:56.874  INFO 9648 --- [http-nio-8081-exec-1] com.zaxxer.hikari.HikariDataSource       : HikariPool-1 - Start completed.
